100
2 155 69 27 1604 8 356 63 65 1506 9 9301 8734 102 4848 7 332 243 8374 14 2707 6575 4089 3141 927 632 342 37 4834 4820 82 487 15 6515 2610 131 1629 3981 19 4725 3407 277 1548 5 252 981 72 746 1925 21 132 11 1437 23 1966 140 396 436 57 5497 245 55 3244 2780
8 3179 3302 11 1754 8819 5 7 500 2171 131 102 8156 212 524 15 9 3357 4589 147 22 3961 2 8 88 38 7597 4334 20 21 3692 84 4554 1251 41 23 35 984 152 44 6359 139 78 6837 125 37 331 1434 265 8149 17 1597 252
22 859 138 1310 69 442 9517 6035 1290 2045 2818 977 468 583 236 8 193 3211 63 316 166 5110 389 2503 253 28 650 3379 148 6404 9 37 7 224 102 197 114 14 72 843 356 107 184 3543 2304 27 57 881 9425 62 198 74 1098 6288 1930 1173 3424 157 805 8955 19 1770 8226 513 61 3680 782 96 7624 1423 2000 387 6747 15 2163 5565 1805 161 117 301 424 2198 21 8677 476 7387 164 355 3849
27 2889 121 1954 69 8 8761 482 27 9 107 1395 2780 28 7753 299 4962 849 176 1412 164 604 4403 19 2296 7 679 37 815 78 14 841 3582 1385 395 72 646 1117 65 1732 157 15 2960 300 1921 1137 2627 343 552 63 408 61 734 626 21 1287 5 62 1735 6756 82 429 135 206 3517 35 277 1004 410 152 7033 119 112 4581 2608 23
67 138 1290 4023 9886 4977 155 2148 468 2291 8 1225 126 120 27 63 681 309 3389 229 1270 28 2713 65 1679 7537 69 9 404 139 1052 1263 184 815 3266 7 482 37 899 19 671 78 2707 131 331 14 152 487 7687 62 2196 135 57 1204 1809 285 574 199 5860 637 375 7594 187 552 249 650 72 4885 193 8215 157 15 2823 726 2692 2478 299 121 513 2976 511 2700 3767 3975
73 1495 252 69 751 27 3774 2700 8 1756 3706 65 9 1434 268 2244 107 2741 867 139 637 28 8528 7 6668 19 74 348 485 63 155 776 2857 14 1522 72 126 120 1128 703 161 103 2703 524 1562 110 21 7798 158 1386 30 37 23 1611 333 6589 62 1558 1494 11 8438 303 5 3824 178 2869 2249 35 131 70 1114 5627 6188 646 484 4524 968
89 8 1152 5895 140 14 7 9 914 4309 273 199 224 303 15 299 5 636 21 901 161 183 44 971 459 3863 61 531 455 70 240 1000 2552 19 335 30 268 496 96 836 164 333 11 2114 329 41 267 155 739 6502 38 1154 3698 35 426
58 175 72 342 69 9 161 1065 7 1284 21 8 57 65 5 88 27 63 74 1457 44 1307 11 6005 235 28 716 549 396 196 55 1723 84 56 4672 1149 7279 3773 665 146 19 432 9837 30 289 520 745 38 117 7170 3338 1198 15 300 621 2153
80 138 869 3106 686 197 126 968 120 8 69 609 224 309 184 442 303 6057 1256 9 382 5209 3166 37 6126 426 63 1799 28 7 7389 285 2741 389 65 2198 3826 57 299 2060 8454 3708 5124 596 404 2063 107 27 5546 1132 1159 329 14 1339 15 74 72 3923 390 1232 782 82 665 147 135 21 971 1321 611 249 58 4320 5 1274 30 4726 1911 1012 2812 123 3089 300 708
15 138 8 329 686 2521 1766 63 1597 468 166 6086 2003 6222 7151 193 107 280 4148 4288 389 9 915 4810 9572 145 2818 19 301 979 14 126 1161 5482 206 7 27 57 131 62 1903 102 968 69 28 1114 1692 824 8156 7832 123 2858 476 15 58 5720 542 356 224 3543 103 3378 2114 65 1312 164 9639 187 5429 517 4819 5 21 199 88 1506 7915 243 61 1168 1734 240 4510 3774
33 176 1954 1917 3600 69 5150 8 1365 1387 6656 482 9896 2848 4820 126 751 309 609 4881 5754 979 2274 28 9572 665 5860 65 9933 63 27 8751 2291 9 280 243 995 6539 102 158 199 356 7 164 3639 659 7437 14 4510 4172 990 443 1413 1384 19 5011 145 501 57 2717 3053 2849 1783 58 2425 487 3514 37 3097 1224 3142 316 554 82 1667 4040 131 157 523 61 114 301 7866 432 8853 204 5255 299 84 574 2313 708 138 5101
95 720 594 7 316 132 1124 5 2338 14 178 812 1734 20 58 19 45 9 1925 746 161 886 2852 631 15 1183 41 72 1017 21 255 131 22 646 1756 2810 54 3430 63 11 694 8787 487 429 2 3661 271 2444 69 126 9365
37 1089 69 176 155 371 126 8 27 968 62 28 4347 1737 19 395 7 5862 356 2430 776 2612 57 114 268 594 9 919 4864 121 487 3222 410 198 2513 5084 8702 2126 1575 15 6523 58 1446 1482 2444 2292 1921 587 204 8044 14 2147 1256 21 30 2073 5 82 44 166 6755 1343 88 74 7791 119 1207 3500 102 333 4995 11 139 3054 38 3412 3097
53 138 1434 404 252 184 121 1077 968 8 243 356 909 468 927 1171 9 2433 566 236 6126 1876 69 494 62 371 114 309 2282 6051 107 19 653 152 4478 524 1591 72 679 1384 1408 6035 1428 1894 187 27 3358 7 1270 348 8660 395 332 158 1571 37 14 65 900 9551 2976 2538 1294 4525 510 166 7291 161 15 7712 3038 3215 2261 131 662 800 1510 1296 21 176 74 6092 103 61 117 1721 899 5 28 869 5773 120 1300 2430 6467 1546 84 725
55 3244 6887 1263 1184 1495 1502 468 8 126 485 3774 4650 27 2112 176 1270 410 5603 4507 404 155 650 725 9 28 229 2448 37 1089 737 107 1667 145 121 681 211 14 2577 900 199 193 131 78 6809 789 957 65 7293 166 252 2313 57 117 443 1894 5285 7 187 58 3397 2651 1434 1151 662 747 72 19 8099 330 132 15 6478 8147 63 5 375 21 88 1070 30 2114 62 7433 84 2592 2697 228 11 9765 1737 867
61 11 365 5 44 9311 102 2147 5724 7 206 231 316 135 20 3884 14 38 78 444 19 1771 9338 119 422 15 88 121 8 1989 35 321 45 158 4291 4099 1442 97 30 4858 37 265 58 1258 9678 288 17 4703 2 3102 1495
72 2859 2218 82 74 1967 139 11 61 21 7986 5 325 30 23 1704 15 235 342 299 2094 117 7 38 212 1119 1126 749 72 1861 171 391 135 233 966 114 22 17 3549 19 115 1144 6786 243 84 3395 37
82 1671 138 355 155 8 120 63 229 494 9 65 1734 907 121 37 139 7 999 28 1937 14 6656 252 253 484 3457 27 3142 426 432 7253 74 61 1606 3471 5472 82 21 19 3332 58 15 339 161 126 2047 2717 62 7975 110 3493 30 231 496 1325 5 147 1628 8342 131 3097 1530 8643 271 662 166 96 56 11 73 4018 873
86 199 485 27 8 28 7584 5350 164 152 1734 1896 72 2019 6087 782 7 5773 62 1757 19 4618 3137 9 404 2374 206 3046 15 1468 900 599 3119 82 2348 538 14 726 372 1601 348 131 596 636 37 3526 74 126 1900 21 5 30 231 1011 708 1548 1376 88 612 11 1529 184 5616 23 2918 97 681 114
97 6102 4301 4142 5276 5381 138 8 9691 27 285 69 28 6379 9 426 4266 9630 120 1200 1868 126 249 1434 7 624 14 3441 2653 815 1095 102 131 78 148 61 3397 158 707 2492 5712 65 15 62 1258 140 1478 19 72 1807 6361 1881 1112 3231 197 2837 1718 164 21 2200 409 206 45 396 2231 11 2180 5 178 30 187 1301 389 135 1529 746 196 56 84 117 299 390 4610 20
20 1290 5526 120 148 7347 176 655 8 27 126 3172 8454 9519 1052 107 1184 709 549 252 1005 63 4225 280 121 9 1638 595 184 3497 62 410 4688 935 1476 1168 19 2153 7 158 331 28 5973 2659 3441 37 686 561 206 2930 624 332 1783 3198 4408 152 2591 632 193 131 805 102 751 4662 14 784 114 301 82 69 15 78 542 2047 7081 7048 1027 1522 123 1768 516 843 5329 6373 1789 249 2616 1169 2298 88 4067 4171 797
26 1951 948 8 27 138 554 1388 2889 63 199 4090 4807 28 1667 9 3110 4335 1077 6577 485 253 299 107 280 1584 249 1850 4497 309 19 7 3158 1656 907 65 1395 187 2809 3194 9351 585 501 131 72 1152 69 561 139 62 371 3532 824 3540 2844 513 1027 126 797 342 5959 2905 1429 7315 161 979 1436 587 1330 2419 21 197 103 30 739 15 5 3025 4040 1862 120 915 4704 9927
36 102 84 1771 187 647 9562 7 35 7069 9521 107 252 778 1702 14 5 30 9 2147 15 161 4984 396 20 37 193 198 61 8 3537 385 377 41 1023 1412 3317 57 409 1351 3996 1989 9246 1528 2979 1936 82 158 28 1340 16 2845 1332
64 9305 120 126 5091 356 1283 69 671 8 229 166 1236 9 28 63 299 621 193 7 3032 27 7837 72 1745 152 2145 2126 102 19 107 5055 451 829 2967 58 348 342 157 494 140 3211 1232 310 277 841 3022 15 30 74 57 21 1606 2649 1227 2958 1547 1562 114 2705 5253 56 1541 5 103 5355 240 238 119 73 245 1061 11 82 1737 6769 9584
93 5893 2296 20 6783 23 7 166 5 8152 267 178 9803 245 21 41 249 8 110 216 27 4813 35 9 871 74 5041 2288 1093 14 3586 534 2 4533 1298 37 4070 125 17 45 30 1966 7414 162 9040 152 3483 6369 5381 859
3 69 14 62 183 5 11 1258 899 604 27 1251 20 8241 7 513 117 112 8 776 15 146 1135 255 289 161 41 38 9906 4347 720 330 207 9 1073 6961 97 442 2 651 22 7342 16 57 125 1577 725
31 126 199 138 6572 27 8 468 2504 69 549 482 624 1734 1506 7454 166 9 252 1065 1052 28 253 8219 1320 356 193 985 3008 131 102 7 72 1989 443 280 6385 62 957 1093 4818 451 4787 9146 1911 19 1171 3676 2196 14 4397 7218 6141 609 63 117 211 621 135 8707 2649 249 915 15 1834 37 1793 158 1137 273 9162 1330 1528 881 2919 58 132 82 114 776 61 175 1151 120 583 2486
68 1888 197 69 554 5350 9 28 8466 3591 236 199 426 27 1734 7 356 62 1593 5582 19 896 155 78 9710 5848 102 299 249 653 8 6163 6745 37 1395 229 612 331 243 372 161 8733 57 342 14 3884 63 501 206 273 4347 135 1673 2378 21 1429 1351 301 44 4226 1000 65 4266 114 5872 715 5286 3160 2258 2533 107 11 647 58 5 3603 15 103 207 123 725 1958
77 11 2 15 1549 7 20 2657 5 204 44 6 7792 271 58 168 4098 1393 3293 18 499 95 403 82 1300 97 83 9 118 235 184 404 148
84 176 138 468 8 5725 2701 4266 914 9 940 28 3008 2871 7 5031 621 1826 1707 1327 27 824 145 72 37 15 382 332 5268 599 4432 9047 78 117 1131 1483 131 2169 1541 6049 7959 1447 135 595 482 5276 7341 1275 30 1725 21 789 513 14 132 123 4210 1386 1862 613 1153 5 3268 3100 1454 23 3281 7908 4950 11 45 915 1506 256 20 339 409
21 2848 1482 176 5554 69 8 6379 7242 199 27 1610 252 1089 1756 28 9 2264 6115 3880 494 1513 65 625 342 4413 737 121 3199 2612 280 3262 1667 5011 268 249 107 2573 7 5442 4609 37 19 236 8243 74 5616 1131 3884 3455 797 14 2106 120 152 1128 7382 5985 72 78 331 139 1554 164 1723 1807 940 6848 58 15 4837 747 9677 3398 3196 2169 123 148 103 850 1350 82 5482 1222 3251 126 1161 21 132 131 583
24 725 2060 8 27 940 6238 1412 1572 2444 494 961 65 977 1173 9 139 145 330 28 120 426 1195 2136 9335 62 585 5333 126 2168 655 3563 252 1429 542 3706 102 138 1152 74 5350 14 184 7373 131 451 285 3447 3455 236 37 72 7 1793 1284 6698 1174 19 7086 382 193 2187 229 679 15 299 1114 8488 7387 69 58 114 316 21 2614 290 9947 78 2214 1151 482 8138 82 1134 1119 3483
39 2383 468 4768 166 355 8 2503 27 731 896 9 979 797 879 728 7104 632 1395 1171 878 595 138 301 152 968 5895 148 7 2889 74 389 5381 977 5634 3182 5546 120 19 65 14 69 747 280 4302 2688 37 5480 139 107 2088 62 102 439 3493 2138 554 1671 1520 184 686 1251 204 28 1854 393 2143 135 114 21 726 1667 6234 267 161 750 387 1153 5705 4430 30 299 5 88 176 1098 5921
45 1954 155 2818 859 69 583 193 671 3158 1122 253 8 554 27 252 6082 624 229 121 3470 665 107 309 1981 7548 243 9 7895 120 139 650 184 131 7 37 176 2487 6698 1395 145 2120 8992 72 126 2177 19 1643 57 595 316 5667 285 138 114 7850 9832 135 199 1601 424 1320 7584 1799 2216 2088 720 330 5661 517 14 4421 382 7307 1714 15 487 867 63 2162 211 28 2523 280 236 2513 4919 2169 1078 604 58 5270 1502 2298 112 329 6459 7055 1310
50 5 44 14 19 228 3796 21 1151 7 8123 30 103 1225 56 132 2492 84 2168 970 1522 22 70 148 1227 612 983 11 2941 55 1221 290 647 2654 74 183 387 54 1269 8 1155 651 2 455 4619 140 16 15 426 3684
56 5276 1591 1184 8 121 3756 9 2282 27 145 632 624 148 236 8702 62 485 8402 2431 7 19 37 1697 135 14 72 58 805 731 2264 112 7499 28 2810 3006 4452 3796 5566 825 1613 44 69 1194 789 388 325 5 23 595 11 1840 35 1600 2451 390 680 391 1476 21 443 7384 459 869 1502
99 303 155 120 3110 199 2478 138 8 27 69 4226 224 9 549 309 1756 7234 389 371 28 4869 37 7 193 65 14 686 19 637 301 1070 355 5851 2293 410 747 599 1541 63 1954 4258 1153 7959 117 62 485 135 1401 15 8044 1702 57 253 789 78 1334 161 249 21 61 175 1132 145 6402 316 2163 611 72 166 3182 901
1 3198 1572 1089 404 199 485 5367 65 9 126 8 37 2572 7292 549 7 5515 14 9030 28 2902 484 19 8734 596 253 7269 1440 58 1388 4703 123 1468 2158 735 280 5247 1581 684 240 135 158 9356 21 57 30 27 5 15 63 815 88 940 178 187 4864 3747 3996 1189 72 1632 2140 398 288 9903 831 869 436 1134 41 164 2061 22 2226 6649 4525 2076 1290
11 120 236 1122 2003 356 303 199 653 316 8 69 442 671 737 139 290 3457 9 650 224 229 65 72 432 131 7 28 371 19 3591 74 14 37 301 2205 404 542 121 252 1807 2261 7155 63 1001 15 112 1558 21 117 8168 204 769 5643 734 8450 103 84 5 123 6335 979 1011 659 742 3239 4801 35 762 78 11 482 6656 1495
43 1277 70 9 2240 7 20 11 2171 82 803 15 890 2262 9359 92 496 17 23 115 8 132 6655 38 2 6735 5 1758 228 16 377 1055 2052 6 5205 3032 74 1183 6337 176
76 155 869 2060 27 8 3279 8095 121 900 28 6288 549 2168 145 542 9 114 107 1344 372 63 389 867 184 7 152 14 103 236 204 2717 120 19 267 21 3408 112 199 1307 5 484 511 30 3596 74 455 196 2684 35 8834 58 1604 11 2844 2941 148 3182 662 253 4530 126 245 4221 23 61 157 332 131 663 1315 3992
0 146 37 11 1452 1862 231 7 995 5 5561 9 97 8381 92 7245 23 1541 288 74 2207 1068 615 1260 65 449 2428 3203 8 2977 15 2 27 1001 30 35 6 38 742 41 2659 489 382 709 554
32 138 554 176 709 900 859 120 148 121 3110 4390 8 684 69 4364 3160 655 166 2841 309 609 9 155 3398 27 63 3053 184 1771 957 1334 2659 404 280 197 316 1506 152 468 3992 1780 131 1799 653 268 7 301 1597 850 720 5615 999 3470 728 3849 139 37 28 5838 2825 1917 5448 135 114 6188 72 3131 19 74 65 78 6174 62 4281 549 426 451 14 1725 332 880 646 117 4040 1200 3458 3489 4589 2526 4460 5921 7013 57 662 102 2819 1783 6379 1122 968
87 7 19 152 625 9 624 6045 82 236 2978 123 8 6915 949 5136 2334 909 339 331 15 513 300 61 110 598 2509 663 21 1558 30 1702 501 5 823 1137 717 1884 27 88 14 199 11 121 2288 503 4281 107 797 158 329 44 1847 6137 70 4048 187 23 62 1583 869
92 121 8 1334 549 356 585 27 1958 1065 3676 9 7 28 9138 253 69 37 14 2067 3097 120 72 1714 199 268 65 176 145 6166 1106 715 252 57 8948 15 7776 21 30 659 971 3299 5 147 346 8801 19 74 2360 1862 62 7373 20 73 1436 274 135 17 887 41 907 4221 332 11 23 16 2 1456 7977 5990 583
6 6668 28 8480 146 7 5 112 4532 8 3363 23 11 37 148 3927 3443 739 1611 135 14 19 5295 78 57 443 2298 56 44 9 552 158 2150 500 20 3533 1132 21 62 256 140 22 1414 1001 9749 30 716 487 35 70 3135 119 785 38 27 1583
12 554 155 1077 2371 2177 2757 121 3379 1476 4500 166 138 3483 120 1591 252 126 1502 69 27 28 290 8 316 2902 63 65 4977 224 2612 1327 9 1850 253 8707 782 484 3887 7 78 4336 382 2159 2148 14 5313 62 57 19 7929 2116 72 3635 135 61 1613 2697 2709 624 735 517 243 82 300 928 637 184 1550 3517 346 737 659 140 15 8015 1005 2196 1401 429 1836 288 519 30 139 110 117 58 3295 206 176 1310 2291
47 138 5990 2264 583 1495 236 199 193 1200 8 69 253 27 6930 2685 4063 28 309 316 9 995 65 1799 9054 139 37 3106 3142 3514 7 468 5182 9768 1506 268 1119 102 158 1171 114 484 14 72 1134 57 4291 184 3483 517 8933 131 107 1521 5910 224 19 301 992 2208 229 9732 1001 15 1048 140 78 62 120 1307 96 880 545 21 2391 800 393 536 625 88 6684 871 869
54 7759 88 5 114 7 14 797 110 647 61 82 57 231 383 78 119 19 9840 30 2824 20 776 63 348 164 459 4917 480 1472 7238 451 1159 35 243 1114 15 126 9701 22 387 9322 84 23 482 2666 11 184 21 2 41 299 137 4881 6178 2700
7 1315 485 303 948 5429 176 355 8 27 63 4848 9 229 28 7 74 331 2983 1296 102 290 681 332 524 9225 184 107 131 211 880 14 8660 659 15 2190 5 999 19 4023 57 121 1959 78 30 21 2744 1027 1985 5600 299 58 371 382 393 398 5069 2402 44 933 11 126 7508 459 480 187 277 224 468 1966 1704 1590 38 316 4371
13 5 1686 57 20 343 21 572 78 15 8802 135 45 885 82 6644 422 23 11 482 3525 233 14 1981 2 3600 17 187 249 7 6 2509 5902 611 56 1597 3747 19 72 542 952 8 389
23 2956 11 19 7 933 70 14 2871 30 501 5 23 343 35 880 15 125 746 8 9167 38 96 4962 646 57 857 216 2980 231 8146 305 881 962 702 1480 9 65 55 396 5558 536 22 207 131 20 8139 28 554
57 708 69 797 3975 6986 3831 372 8 2371 356 176 1572 410 63 197 121 27 1334 2120 2112 6452 243 566 268 28 253 2683 145 9 107 7 148 6979 7559 1468 152 3299 4618 65 14 135 126 7672 102 166 199 19 4859 671 778 82 5801 2134 3613 940 480 224 316 309 74 187 62 117 8672 2759 6616 37 6169 1757 2359 3266 1294 907 21 7546 15 4436 545 659 1766
66 3477 252 236 404 7674 1564 356 138 5973 485 27 166 549 8 63 9 229 662 684 1437 65 632 211 7325 681 815 1093 1369 158 524 301 28 8012 14 382 19 78 7 2785 1376 8955 342 4744 57 4696 468 300 1272 4103 114 2139 1550 96 107 4953 395 120 5 6946 15 289 531 11 1019 55 21 20 6684 750 139 135 70 355 155
78 126 3700 8 138 1452 28 1951 107 2579 152 252 9 1152 1506 7658 7 184 1413 27 65 19 145 63 7325 2198 158 14 549 3839 37 2282 4994 139 524 131 325 8116 611 375 4350 7918 1959 1967 58 2142 907 2169 15 2190 6001 4130 4336 102 2164 365 21 30 4864 310 5 9946 961 1702 429 44 114 35 11 443 74 1597
19 9 476 161 707 15 123 7 27 8 37 28 4226 135 5 110 339 3448 20 92 62 614 14 82 158 44 5108 73 35 21 1128 333 3741 23 146 45 3621 58 56 2403 3203 22 764 70 5167 30 228 19 769 17 1930 69
5 1958 8 1184 155 28 566 9 27 37 482 797 7 4314 439 329 1697 14 107 972 6698 501 1332 120 538 880 204 513 784 5 61 82 15 231 325 342 915 907 933 11 1966 30 210 253 3016 44 1274 78 23 96 869 175 310 5160 103 35 1556 9786 5751 859
40 20 526 8733 7 88 125 5 1853 524 749 97 4849 538 8332 44 216 329 388 178 2475 284 1300 23 9 8 15 2 11 28 267 273 777 829 300 7734 3400 132 245 74 21 9957 9208 78 2316 17 1275 3704 62 424 3849 1263
98 410 236 2148 8 3097 27 5394 915 927 2039 120 69 9 229 139 6201 63 1736 7753 5350 72 7 19 114 249 62 7173 7347 14 2478 1161 285 5084 58 157 121 175 28 198 82 224 4040 117 2008 1450 5 2246 1207 23 65 1006 56 4157 15 377 35 641 339 55 16 11 212 2
29 5 110 4632 44 561 231 451 1401 11 715 14 15 881 61 484 523 1506 7 880 58 1669 5447 439 204 147 391 8 255 28 41 164 836 5686 146 56 647 545 2973 1073 125 594 398 501 54 4724 1803 984 1307 3066 728
71 2591 404 4148 197 442 2291 252 6018 919 329 8 164 2513 290 309 121 243 3424 9 355 27 1506 268 184 2212 443 7086 727 229 37 114 148 7 19 131 330 139 158 2684 28 1721 4656 962 2304 663 102 9957 655 6005 968 120 69 480 5295 4131 331 249 859 7600 15 1384 2240 72 62 1272 112 8334 103 84 57 1155 267 30 1599 5 739 8019 1090 1697 609 4044 196 236 1671
96 21 5 45 1417 184 2521 55 2000 7884 1606 451 11 8 7 301 1568 271 4277 1805 30 38 1607 84 69 1186 6514 388 503 1558 1011 82 27 35 44 17 7147 15 92 2 74 22 161 61 110 131 599 162 992 2112 1482
59 22 15 123 55 41 7 19 11 23 2 14 1805 27 2231 16 80 243 1566 6246 1972 35 189 83 545 8969 6 125 167 902 327 535 4646 38 621
83 155 126 859 1482 3244 2433 199 184 8 372 4022 371 485 4273 9 121 28 2229 301 4188 382 7 19 1524 1376 14 5442 6607 63 632 1065 1483 2292 1004 69 3443 329 8839 890 2132 57 21 1881 148 2780 61 15 663 1387 3420 404 58 3293 968 2791 6147 65 2825 871 343 900 1862 432 519 147 5 187 2552 23 139 1350 8272 120 4178
88 1583 1591 8 869 120 27 5546 9 5778 9593 211 1571 7777 19 355 914 37 69 7 928 63 957 510 117 6831 4500 659 5668 1627 14 57 21 290 7117 316 3879 15 7727 1027 5 715 1468 161 164 135 147 277 7481 1017 1958 803 131 356 110 38 879 45 4841 7707 11 238 1420 140 23 403 5905 139 92 595 329 303 155
9 6729 138 725 176 1790 2955 69 1881 236 27 468 948 126 121 4390 8 2120 290 1756 316 899 63 5621 155 731 2700 7518 9 5200 120 199 1270 8034 2735 665 410 355 28 65 139 595 1395 962 37 7 7594 3053 957 148 4103 1510 309 2973 442 671 184 1812 107 915 135 382 14 19 7211 193 187 114 7147 554 542 4938 9652 720 404 5442 62 5725 737 2820 268 145 1312 2170 2563 2238 3369 650 158 78 2079 15 1599 224 2923 1771 249 1168 2639 8835 784 2726 4421
48 3684 176 27 1554 8 2825 1510 28 69 9 3158 404 1384 389 1344 751 164 148 494 330 120 7 4497 74 1809 8334 4799 1312 19 252 1350 37 14 300 198 1593 3692 184 841 103 2920 1575 7569 211 325 15 96 5728 356 545 3561 348 5 147 30 274 3825 35 11 21 63 55 574 23 9794 398 971 58 3423
63 1495 138 1283 1554 148 4813 583 184 8 63 709 27 285 1524 2291 7892 1183 4281 1395 9 1052 3991 155 900 2371 3412 28 8200 280 135 164 432 8309 107 2158 4497 131 907 2359 7 7218 316 356 19 977 1638 57 2683 14 2849 3642 638 487 65 8402 6730 1894 1571 3205 7809 468 3398 37 1385 824 1303 1223 6481 1745 72 117 395 3759 15 4636 5779 78 120 145 715 8355 4880 74 843 58 21 330 968 708
90 155 4171 8 655 9054 229 1384 28 3457 139 720 9 309 120 4329 158 7 4829 6160 3977 102 27 1110 331 330 1189 107 14 410 19 2169 2322 896 15 2899 1704 2212 198 679 424 1223 145 1808 3299 21 157 510 72 4479 8461 117 1019 84 554 3222 9358 3022 30 5 660 1256 8947 329 1104
79 1961 44 5 335 35 7 650 41 1732 9 58 824 55 15 211 9665 2 54 756 149 30 17 7345 3598 27 1005 6 388 238 694 19 4710 277 344 20 52 8978
62 583 7624 2076 356 919 69 197 1610 27 9502 8 164 1826 236 650 107 199 120 9 662 138 155 65 148 3428 2196 495 6379 72 28 62 1183 1106 135 2521 139 14 7 37 625 332 404 102 3052 4413 5876 325 4089 301 158 2106 2785 348 389 3270 5887 8734 19 7966 176 382 5626 126 117 2292 58 1117 57 5634 15 907 112 1187 587 7454 454 1221 2091 157 82 5 1310 1173
81 138 155 120 8 27 7234 28 148 8992 316 65 554 9 152 329 662 268 131 37 19 7 211 62 57 5516 102 8243 69 15 103 2668 2088 1575 14 715 58 9039 737 61 2820 2138 267 372 7081 206 1112 5 638 44 929 596 1707 196 6951 38 119 56 240 82 140 92 455 513 626 8094 375 11 497 277 1263 7677
10 2848 5926 859 468 126 3477 355 356 4978 8 624 253 224 371 9086 139 679 27 28 243 1524 1132 9 681 6379 290 63 909 4430 9053 1324 131 1667 309 1737 7 69 72 2950 476 4317 114 303 62 19 37 346 148 372 332 389 4609 4985 2872 14 957 65 236 74 2088 187 638 4372 703 3071 2533 5463 3635 836 152 3890 268 211 849 2453 2692 193 1155 78 61 15 7408 1692 138 1601 6543 501 1041 429 157 850 197 120 176 708
30 196 1979 15 612 1917 27 7 825 1754 62 78 8241 9 44 1210 288 410 5 8875 82 4429 503 256 140 57 38 2226 587 370 957 2563 513 2735 9360 1651 9459 14 35 240 72 255 162 2698 110 303 56 2 2853 3246 65 869
46 1502 485 138 8 410 27 873 5974 5209 915 665 3264 9 1183 28 166 148 1524 896 107 7 4814 280 4686 637 152 5374 764 549 1704 4704 8929 1587 19 14 1972 5402 72 9731 58 155 7037 1546 1673 249 15 145 330 777 1805 2 327 1048 524 207 5 8860 1506 20 23 687 1611 196 1352 884 74 55 795 625 44 2816 8654 2922 126 968
85 6234 14 114 27 28 2562 123 1554 253 158 15 7 19 6718 9 8 5349 524 58 5605 88 715 330 21 30 510 5641 5 552 229 7876 103 636 240 82 164 38 2652 55 231 20 5576 1322 534 92 78 495 56 520 1772 23 166 2651 7984
17 3923 8 731 4607 665 199 1352 285 940 252 28 1524 4343 7 879 329 65 19 9 14 346 751 6049 184 102 797 8015 62 510 74 6378 637 69 2296 78 5404 15 2145 21 454 96 2614 3977 339 5 1554 273 61 390 44 289 110 267 23 4167 5278 37 38 11 1155 114 2104 841 20 4568 1621 5893 138 968
28 7 107 9 1106 15 552 161 37 1627 19 549 1000 4157 632 117 8 44 727 5 824 935 14 146 30 830 764 193 5051 1750 135 1151 5091 7708 1017 21 7854 55 131 38 1494 861 444 57 782 619 1031 23 62 11 383 27 72 88 96
42 482 8 9517 69 708 27 138 4537 1184 164 126 1263 197 1643 155 968 63 166 800 815 131 432 9 224 1387 4288 65 253 2076 19 121 7 1287 252 62 14 1194 348 236 37 1132 356 2385 6092 7408 28 15 3270 612 8931 7672 484 1369 102 914 480 161 332 58 157 2400 1001 117 4277 2976 1656 408 285 1324 198 103 309 57 720 1491 4568 21 928 6362
65 82 1530 183 28 9021 5 1298 199 455 38 147 1270 131 2525 120 969 3769 2348 57 742 671 14 198 9 503 23 55 11 97 21 178 346 19 1777 9831 255 233 1404 112 22 8 27 2 20 15 3094 83 616 884 370 9464 982 355 155
75 2177 977 8 679 69 1482 873 63 6290 3520 224 28 6767 9 410 4342 62 27 155 782 1522 107 7 1593 542 3204 1119 2448 57 1005 501 751 37 2238 58 14 388 72 19 1446 15 145 3561 4834 1671 2919 971 762 82 5 21 11 23 1883 5406 166 5284 4606 147 309 1628 6543 5878 3095 3853 516 114 961 6165 131 120
25 161 4724 8 1174 21 28 82 7 15 14 1524 84 5 57 4100 19 9 4429 44 102 63 37 1478 147 112 5874 1434 390 103 409 393 5511 7354 146 38 280 88 587 3139 2571 23 330 41 830 115 261 3319 1645
74 621 126 184 148 914 121 155 1583 2112 8 199 1610 2385 63 6097 5526 625 145 9 27 253 8938 612 9543 992 1332 28 4514 468 659 37 3502 19 62 7 968 3759 2274 372 14 1401 102 120 517 2048 58 211 243 21 4881 4597 2967 841 107 117 112 30 805 72 5 2538 187 948 8365 61 15 1428 7774 57 65 1807 707 715 5434 1447 132 3686 131 4801 2033 2020 725
41 554 2076 1679 8 27 121 63 900 224 9 28 549 164 1173 625 7 9039 14 1408 665 1287 476 1575 371 5038 4364 2214 7013 37 57 1809 2270 638 123 6265 4728 4142 4308 611 4525 268 15 5277 1122 2140 72 2492 166 1174 812 300 44 19 204 158 2258 2721 21 117 69 7878 252 907 442 873 210 777 619 2136 229 61 277 389 566 5 62 58 8267 78 2533 636 161 96 155 404
60 5269 61 9271 9 14 5 390 1988 2025 23 1912 4021 28 84 11 44 8 4373 21 451 132 878 421 19 1190 137 707 41 27 65 1304 15 198 196 97 6462 735 95 22 2 17 1450 615 56 6 7401 2397 62 168 4247
94 14 9 330 62 451 166 7 8 1661 28 1313 299 1408 7003 37 3121 148 1287 58 11 735 23 132 2576 7995 9485 3195 21 389 1008 722 157 321 8993 5 6785 65 38 44 80 1665 9977 199 3878 55 5872 17 19 2 69 22 2360 83 8761 164 2402
34 6604 138 909 148 121 329 8 442 224 751 120 9 252 4895 2955 1283 9894 164 1587 152 482 1077 7 4104 5850 19 1106 14 3768 126 74 285 325 2593 58 139 57 15 4417 720 8355 28 175 990 387 1878 6259 907 574 880 102 62 78 899 3441 290 515 519 372 4133 88 6756 8076 604 82 196 3516 5 11 3240 1612 1386 382 716 21 20 211 35 70 1583 197
18 356 1604 8703 121 8 1052 28 6787 9 7557 720 152 609 211 7 1222 1256 120 3158 184 19 229 1756 14 879 585 325 253 8360 3410 4102 187 157 330 138 37 1350 114 15 27 8100 1718 158 30 6475 123 1398 193 5 4388 178 21 35 496 1369 587 56 646 4558 5751 1799 1949 3036 3983 9611 1930 583
49 138 8 4613 28 316 27 9957 8450 899 3923 69 229 2371 63 19 7 1065 14 4551 121 476 1604 114 72 7709 646 4164 9 37 123 566 1959 120 107 5895 5221 1440 1352 57 836 15 1799 7970 88 164 7718 96 638 884 572 4035 346 2100 23 35 58 44 140 61 11 235 310 5 969 6137 253 131 519 1917
69 14 88 9 486 7827 204 102 231 7 1877 2085 107 309 21 3392 27 80 3369 2 6 38 1017 599 30 5876 5 7042 44 489 8 7816 162 19 2864 7337 720 249 139 5605 1298 216 20 4152 11 171 117 83 9010 140 41 126 8271
70 15 3624 2116 7 6050 5 147 5973 211 74 4676 2862 2666 332 19 5264 57 11 82 342 631 123 112 14 809 56 626 73 1137 516 2730 216 409 35 9 4962 44 8 1113 2837 339 3569 432 1106 20 55 16 422 1757 2 442 120 900
44 61 9 339 880 15 4589 4089 1017 5 7 5034 30 11 2187 9993 74 164 1398 178 62 2577 139 8 331 4672 19 8520 117 70 2147 6992 14 21 1518 44 206 38 742 9485 23 3319 7869 2721 37 56 207 211 595 708 120
52 21 207 5299 1853 1651 1023 9 1379 7 5 212 587 5555 23 2601 146 1950 1088 1012 249 82 16 2 4947 271 57 20 2029 41 383 1476 114 299 63 38 424 1096 737 1465 37 6376 4844
16 224 5 21 22 73 114 7 45 140 762 61 2427 11 15 35 41 20 331 3943 6031 56 27 377 55 118 933 78 9246 110 63 2 16 316 17 62 112 14 8 275 256
4 5 14 3033 11 28 45 3689 7275 224 1628 82 1843 103 7 183 20 158 55 84 3692 97 119 2431 15 6913 9 2 54 941 110 1623 4025 2654 30 9017 8 4178
91 3244 120 253 8 948 193 184 27 426 126 139 176 9 869 5659 145 138 1437 1016 1287 1691 28 199 7 135 164 2871 4171 389 1119 14 2741 843 72 9127 2492 2685 881 61 161 2282 19 82 114 3066 585 78 330 4081 663 44 30 58 5 1629 63 2020 4370 15 439 825 228 3003 210 11 55 112 455 8438 534 2972
14 355 9559 6979 4594 1384 3398 253 121 8 5721 65 69 1131 9 27 148 1324 3759 404 107 28 4188 7 102 6087 14 2604 2433 8965 5850 3839 5845 410 19 495 5038 3642 948 15 7226 764 1095 1799 1524 114 2063 37 3162 231 710 72 2859 35 280 1351 5 9868 11 1244 290 3224 249 1621 245 8388 486 166 9206 749 717 325 708 138 2614
38 20 8 7 22 6037 6 2 27 3323 1054 7924 54 5 41 1434 9 903 1841 735 17 14 60 78 96 16 171 23 112 95 4361 210 2696 5329
35 57 19 158 300 55 9 72 3190 114 184 552 212 5158 5 454 2 118 15 37 23 1260 3332 8315 3126 763 1122 6059 11 8 137 7 17 331 38 1186 97 61 148 9713 301 16 20 70 272 6644
51 725 197 27 977 121 63 5501 28 2818 8 9 2826 5031 3046 7 6877 1989 78 14 2420 9365 1692 102 371 198 1224 1159 5603 2148 187 1491 4606 665 3824 7694 3708 1745 9234 2500 268 72 117 21 3586 74 15 58 966 288 30 5659 1826 1602 611 19 146 23 1225 1417 5 3923 749 510 61 196 519 4532 70 11 1387 4705 138
